<?xml version="1.0" encoding="UTF-8"?>
<!-- Generated by org.testng.reporters.JUnitReportReporter -->
<testsuite skipped="0" hostname="HP-PC" name="TestLeaf.DeleteLead" tests="1" failures="0" timestamp="2021-03-17T19:35:22 IST" time="33.435" errors="0">
  <testcase name="runDeleteLead" time="33.435" classname="TestLeaf.DeleteLead"/>
</testsuite> <!-- TestLeaf.DeleteLead -->
