<?xml version="1.0" encoding="UTF-8"?>
<!-- Generated by org.testng.reporters.JUnitReportReporter -->
<testsuite skipped="0" hostname="HP-PC" name="Week2Assignments.CreateLead" tests="3" failures="0" timestamp="2021-03-14T18:38:53 IST" time="137.332" errors="0">
  <testcase name="runCreateLead" time="17.647" classname="Week2Assignments.CreateLead"/>
  <testcase name="runCreateLead" time="102.877" classname="Week2Assignments.CreateLead"/>
  <testcase name="runCreateLead" time="16.808" classname="Week2Assignments.CreateLead"/>
</testsuite> <!-- Week2Assignments.CreateLead -->
