<?xml version="1.0" encoding="UTF-8"?>
<!-- Generated by org.testng.reporters.JUnitReportReporter -->
<testsuite skipped="0" hostname="HP-PC" name="TestLeaf.DuplicateLead" tests="1" failures="0" timestamp="2021-03-17T19:35:22 IST" time="29.472" errors="0">
  <testcase name="runDuplicateLead" time="29.472" classname="TestLeaf.DuplicateLead"/>
</testsuite> <!-- TestLeaf.DuplicateLead -->
