<?xml version="1.0" encoding="UTF-8"?>
<!-- Generated by org.testng.reporters.JUnitReportReporter -->
<testsuite skipped="0" hostname="HP-PC" name="TestLeaf.EditLead" tests="2" failures="0" timestamp="2021-03-17T20:14:43 IST" time="42.755" errors="0">
  <testcase name="runEditLead" time="22.629" classname="TestLeaf.EditLead"/>
  <testcase name="runEditLead" time="20.126" classname="TestLeaf.EditLead"/>
</testsuite> <!-- TestLeaf.EditLead -->
