<?xml version="1.0" encoding="UTF-8"?>
<!-- Generated by org.testng.reporters.JUnitReportReporter -->
<testsuite skipped="0" hostname="HP-PC" name="week4.Day1.Dropdown_Multiselect" tests="1" failures="0" timestamp="2021-03-13T16:57:03 IST" time="60.733" errors="0">
  <testcase name="runDropdownMultiselect" time="60.733" classname="week4.Day1.Dropdown_Multiselect"/>
</testsuite> <!-- week4.Day1.Dropdown_Multiselect -->
