<?xml version="1.0" encoding="UTF-8"?>
<!-- Generated by org.testng.reporters.JUnitReportReporter -->
<testsuite skipped="0" hostname="HP-PC" name="CreateLead" tests="1" failures="0" timestamp="2021-03-13T16:39:47 IST" time="42.763" errors="0">
  <testcase name="runCreateLead" time="42.763" classname="CreateLead"/>
</testsuite> <!-- CreateLead -->
