<?xml version="1.0" encoding="UTF-8"?>
<!-- Generated by org.testng.reporters.JUnitReportReporter -->
<testsuite skipped="0" hostname="HP-PC" name="runner.Runner" tests="5" failures="0" timestamp="2021-03-26T20:28:36 IST" time="147.730" errors="0">
  <testcase name="runScenario" time="33.946" classname="runner.Runner"/>
  <testcase name="runScenario" time="37.714" classname="runner.Runner"/>
  <testcase name="runScenario" time="24.127" classname="runner.Runner"/>
  <testcase name="runScenario" time="24.872" classname="runner.Runner"/>
  <testcase name="runScenario" time="27.071" classname="runner.Runner"/>
</testsuite> <!-- runner.Runner -->
